\BOOKMARK [0][-]{chapter.1}{Installing\040Python}{}% 1
\BOOKMARK [1][-]{section.1.1}{Anaconda\040python}{chapter.1}% 2
\BOOKMARK [1][-]{section.1.2}{Adding\040python\040to\040your\040PATH\040variable}{chapter.1}% 3
\BOOKMARK [1][-]{section.1.3}{Python\040Standalone}{chapter.1}% 4
\BOOKMARK [0][-]{chapter.2}{Jupyter\040Notebooks}{}% 5
\BOOKMARK [1][-]{section.2.1}{Launching\040Jupyter\040notebook}{chapter.2}% 6
\BOOKMARK [1][-]{section.2.2}{Creating\040notebooks}{chapter.2}% 7
\BOOKMARK [1][-]{section.2.3}{Interacting\040with\040python\040through\040Jupyter\040Notebooks}{chapter.2}% 8
\BOOKMARK [0][-]{chapter.3}{Expressions}{}% 9
\BOOKMARK [1][-]{section.3.1}{Literals}{chapter.3}% 10
\BOOKMARK [1][-]{section.3.2}{Combining\040Expressions}{chapter.3}% 11
\BOOKMARK [1][-]{section.3.3}{Variables}{chapter.3}% 12
\BOOKMARK [2][-]{subsection.3.3.1}{Rules\040for\040naming\040variables}{section.3.3}% 13
\BOOKMARK [2][-]{subsection.3.3.2}{Conventions\040for\040naming\040variables}{section.3.3}% 14
\BOOKMARK [2][-]{subsection.3.3.3}{Assignment\040Statements}{section.3.3}% 15
\BOOKMARK [0][-]{chapter.4}{Datatypes}{}% 16
\BOOKMARK [1][-]{section.4.1}{Numerical\040types}{chapter.4}% 17
\BOOKMARK [2][-]{subsection.4.1.1}{int}{section.4.1}% 18
\BOOKMARK [2][-]{subsection.4.1.2}{float}{section.4.1}% 19
\BOOKMARK [2][-]{subsection.4.1.3}{Mixing\040types}{section.4.1}% 20
\BOOKMARK [1][-]{section.4.2}{Text\040sequence\040type}{chapter.4}% 21
\BOOKMARK [2][-]{subsection.4.2.1}{Concatenation}{section.4.2}% 22
\BOOKMARK [2][-]{subsection.4.2.2}{Replication}{section.4.2}% 23
\BOOKMARK [1][-]{section.4.3}{Boolean\040type}{chapter.4}% 24
\BOOKMARK [2][-]{subsection.4.3.1}{Boolean\040operators}{section.4.3}% 25
\BOOKMARK [3][-]{subsubsection*.3}{Compound\040Boolean}{subsection.4.3.1}% 26
\BOOKMARK [3][-]{subsubsection*.4}{Truth\040table}{subsection.4.3.1}% 27
\BOOKMARK [1][-]{section.4.4}{Sequence\040type}{chapter.4}% 28
\BOOKMARK [2][-]{subsection.4.4.1}{Lists}{section.4.4}% 29
\BOOKMARK [2][-]{subsection.4.4.2}{Inserting\040items}{section.4.4}% 30
\BOOKMARK [2][-]{subsection.4.4.3}{Retrieving\040items}{section.4.4}% 31
\BOOKMARK [2][-]{subsection.4.4.4}{Updating\040items}{section.4.4}% 32
\BOOKMARK [2][-]{subsection.4.4.5}{Deleting\040items}{section.4.4}% 33
\BOOKMARK [2][-]{subsection.4.4.6}{Length}{section.4.4}% 34
\BOOKMARK [2][-]{subsection.4.4.7}{Concatenation}{section.4.4}% 35
\BOOKMARK [1][-]{section.4.5}{Tuples}{chapter.4}% 36
\BOOKMARK [2][-]{subsection.4.5.1}{Strings\040as\040tuples}{section.4.5}% 37
\BOOKMARK [2][-]{subsection.4.5.2}{Packing\040and\040unpacking}{section.4.5}% 38
\BOOKMARK [1][-]{section.4.6}{Dictionaries}{chapter.4}% 39
\BOOKMARK [1][-]{section.4.7}{Type\040compatibility}{chapter.4}% 40
\BOOKMARK [0][-]{chapter.5}{First\040program}{}% 41
\BOOKMARK [1][-]{section.5.1}{Writing\040your\040first\040program}{chapter.5}% 42
\BOOKMARK [1][-]{section.5.2}{Running\040our\040program}{chapter.5}% 43
\BOOKMARK [1][-]{section.5.3}{Asking\040for\040user\040input}{chapter.5}% 44
\BOOKMARK [1][-]{section.5.4}{Writing\040comments}{chapter.5}% 45
\BOOKMARK [0][-]{chapter.6}{Conditionals}{}% 46
\BOOKMARK [1][-]{section.6.1}{if}{chapter.6}% 47
\BOOKMARK [1][-]{section.6.2}{else}{chapter.6}% 48
\BOOKMARK [0][-]{chapter.7}{Loops}{}% 49
\BOOKMARK [1][-]{section.7.1}{How\040python\040interprets\040the\040code}{chapter.7}% 50
\BOOKMARK [1][-]{section.7.2}{Lists\040and\040loops}{chapter.7}% 51
\BOOKMARK [1][-]{section.7.3}{Branches\040inside\040loops}{chapter.7}% 52
\BOOKMARK [1][-]{section.7.4}{Loops\040inside\040loops}{chapter.7}% 53
\BOOKMARK [1][-]{section.7.5}{Infinite\040loops}{chapter.7}% 54
\BOOKMARK [1][-]{section.7.6}{for\040loops}{chapter.7}% 55
